# JRE version: Java(TM) SE Runtime Environment (12.0.1+12) (build 12.0.1+12)
# Java VM: Java HotSpot(TM) 64-Bit Server VM (12.0.1+12, mixed mode, sharing, tiered, compressed oops, g1 gc, windows-amd64)
Heap:
 garbage-first heap   total 86016K, used 48910K [0x0000000082000000, 0x0000000100000000)
  region size 1024K, 20 young (20480K), 2 survivors (2048K)
 Metaspace       used 59108K, capacity 60703K, committed 60956K, reserved 1101824K
  class space    used 7574K, capacity 8195K, committed 8316K, reserved 1048576K
GC Heap History (10 events):
Event: 6663.198 GC heap before
{Heap before GC invocations=108 (full 4):
 garbage-first heap   total 86016K, used 69146K [0x0000000082000000, 0x0000000100000000)
  region size 1024K, 43 young (44032K), 0 survivors (0K)
 Metaspace       used 58680K, capacity 60297K, committed 60700K, reserved 1101824K
  class space    used 7536K, capacity 8152K, committed 8316K, reserved 1048576K
}
Event: 6663.201 GC heap after
{Heap after GC invocations=109 (full 4):
 garbage-first heap   total 86016K, used 28396K [0x0000000082000000, 0x0000000100000000)
  region size 1024K, 3 young (3072K), 3 survivors (3072K)
 Metaspace       used 58680K, capacity 60297K, committed 60700K, reserved 1101824K
  class space    used 7536K, capacity 8152K, committed 8316K, reserved 1048576K
}
Event: 6663.282 GC heap before
{Heap before GC invocations=109 (full 4):
 garbage-first heap   total 86016K, used 69356K [0x0000000082000000, 0x0000000100000000)
  region size 1024K, 44 young (45056K), 3 survivors (3072K)
 Metaspace       used 58724K, capacity 60367K, committed 60700K, reserved 1101824K
  class space    used 7541K, capacity 8153K, committed 8316K, reserved 1048576K
}
Event: 6663.284 GC heap after
{Heap after GC invocations=110 (full 4):
 garbage-first heap   total 86016K, used 29210K [0x0000000082000000, 0x0000000100000000)
  region size 1024K, 3 young (3072K), 3 survivors (3072K)
 Metaspace       used 58724K, capacity 60367K, committed 60700K, reserved 1101824K
  class space    used 7541K, capacity 8153K, committed 8316K, reserved 1048576K
}
Event: 6663.645 GC heap before
{Heap before GC invocations=110 (full 4):
 garbage-first heap   total 86016K, used 70170K [0x0000000082000000, 0x0000000100000000)
  region size 1024K, 44 young (45056K), 3 survivors (3072K)
 Metaspace       used 58790K, capacity 60379K, committed 60700K, reserved 1101824K
  class space    used 7550K, capacity 8155K, committed 8316K, reserved 1048576K
}
Event: 6663.648 GC heap after
{Heap after GC invocations=111 (full 4):
 garbage-first heap   total 86016K, used 31191K [0x0000000082000000, 0x0000000100000000)
  region size 1024K, 5 young (5120K), 5 survivors (5120K)
 Metaspace       used 58790K, capacity 60379K, committed 60700K, reserved 1101824K
  class space    used 7550K, capacity 8155K, committed 8316K, reserved 1048576K
}
Event: 6683.104 GC heap before
{Heap before GC invocations=111 (full 4):
 garbage-first heap   total 86016K, used 71127K [0x0000000082000000, 0x0000000100000000)
  region size 1024K, 44 young (45056K), 5 survivors (5120K)
 Metaspace       used 58914K, capacity 60522K, committed 60956K, reserved 1101824K
  class space    used 7562K, capacity 8158K, committed 8316K, reserved 1048576K
}
Event: 6683.107 GC heap after
{Heap after GC invocations=112 (full 4):
 garbage-first heap   total 86016K, used 31665K [0x0000000082000000, 0x0000000100000000)
  region size 1024K, 5 young (5120K), 5 survivors (5120K)
 Metaspace       used 58914K, capacity 60522K, committed 60956K, reserved 1101824K
  class space    used 7562K, capacity 8158K, committed 8316K, reserved 1048576K
}
Event: 6769.167 GC heap before
{Heap before GC invocations=112 (full 4):
 garbage-first heap   total 86016K, used 69553K [0x0000000082000000, 0x0000000100000000)
  region size 1024K, 42 young (43008K), 5 survivors (5120K)
 Metaspace       used 58914K, capacity 60522K, committed 60956K, reserved 1101824K
  class space    used 7562K, capacity 8158K, committed 8316K, reserved 1048576K
}
Event: 6769.170 GC heap after
{Heap after GC invocations=113 (full 4):
 garbage-first heap   total 86016K, used 31502K [0x0000000082000000, 0x0000000100000000)
  region size 1024K, 2 young (2048K), 2 survivors (2048K)
 Metaspace       used 58914K, capacity 60522K, committed 60956K, reserved 1101824K
  class space    used 7562K, capacity 8158K, committed 8316K, reserved 1048576K
}

